ScanAndPairSample1/app/build/intermediates/manifest_merge_blame_file/debug/processDebugMainManifest/manifest-merger-blame-debug-report.txt
1<?xml version="1.0" encoding="utf-8"?>
2<manifest xmlns:android="http://schemas.android.com/apk/res/android"
3    package="com.symbol.scanandpairsample1"
4    android:versionCode="10"
5    android:versionName="7.3.3" >
6
7    <uses-sdk
8        android:minSdkVersion="24"
9        android:targetSdkVersion="33" />
10
11    <uses-permission android:name="com.symbol.emdk.permission.EMDK" />
11-->src\main\AndroidManifest.xml:4:5-70
11-->src\main\AndroidManifest.xml:4:22-68
12
13    <application
13-->src\main\AndroidManifest.xml:6:5-26:19
14        android:allowBackup="true"
14-->src\main\AndroidManifest.xml:7:9-35
15        android:debuggable="true"
16        android:extractNativeLibs="false"
17        android:icon="@mipmap/ic_launcher"
17-->src\main\AndroidManifest.xml:8:9-43
18        android:label="@string/app_name"
18-->src\main\AndroidManifest.xml:9:9-41
19        android:testOnly="true"
20        android:theme="@style/AppTheme" >
20-->src\main\AndroidManifest.xml:10:9-40
21        <uses-library android:name="com.symbol.emdk" />
21-->src\main\AndroidManifest.xml:12:9-55
21-->src\main\AndroidManifest.xml:12:23-53
22
23        <activity
23-->src\main\AndroidManifest.xml:14:9-25:20
24            android:name="com.symbol.scanandpairsample1.MainActivity"
24-->src\main\AndroidManifest.xml:16:13-70
25            android:exported="true"
25-->src\main\AndroidManifest.xml:15:13-36
26            android:label="@string/app_name"
26-->src\main\AndroidManifest.xml:19:13-45
27            android:screenOrientation="portrait"
27-->src\main\AndroidManifest.xml:17:13-49
28            android:windowSoftInputMode="stateHidden|adjustResize" >
28-->src\main\AndroidManifest.xml:18:13-67
29            <intent-filter>
29-->src\main\AndroidManifest.xml:20:13-24:29
30                <action android:name="android.intent.action.MAIN" />
30-->src\main\AndroidManifest.xml:21:17-69
30-->src\main\AndroidManifest.xml:21:25-66
31
32                <category android:name="android.intent.category.LAUNCHER" />
32-->src\main\AndroidManifest.xml:23:17-77
32-->src\main\AndroidManifest.xml:23:27-74
33            </intent-filter>
34        </activity>
35    </application>
36
37</manifest>